2022-03-25 14:18:42,146 ERROR: Exception on /results [POST] [in /Library/Frameworks/Python.framework/Versions/3.9/lib/python3.9/site-packages/flask/app.py:1457]
Traceback (most recent call last):
  File "/Library/Frameworks/Python.framework/Versions/3.9/lib/python3.9/site-packages/flask/app.py", line 2073, in wsgi_app
    response = self.full_dispatch_request()
  File "/Library/Frameworks/Python.framework/Versions/3.9/lib/python3.9/site-packages/flask/app.py", line 1518, in full_dispatch_request
    rv = self.handle_user_exception(e)
  File "/Library/Frameworks/Python.framework/Versions/3.9/lib/python3.9/site-packages/flask/app.py", line 1516, in full_dispatch_request
    rv = self.dispatch_request()
  File "/Library/Frameworks/Python.framework/Versions/3.9/lib/python3.9/site-packages/flask/app.py", line 1502, in dispatch_request
    return self.ensure_sync(self.view_functions[rule.endpoint])(**req.view_args)
  File "/Users/mcfatem/GitHub/OHScribe/ohscribe.py", line 201, in results
    file, msg, details, guidance = do_all(filename)
  File "/Users/mcfatem/GitHub/OHScribe/ohscribe.py", line 686, in do_all
    xformed, msg, details, guidance = do_transform(clean)
  File "/Users/mcfatem/GitHub/OHScribe/ohscribe.py", line 411, in do_transform
    IOH_xml = xsl_transformation(xmlfile)
  File "/Users/mcfatem/GitHub/OHScribe/ohscribe.py", line 323, in xsl_transformation
    doc = etree.parse(f)
  File "src/lxml/etree.pyx", line 3521, in lxml.etree.parse
  File "src/lxml/parser.pxi", line 1876, in lxml.etree._parseDocument
  File "src/lxml/parser.pxi", line 1891, in lxml.etree._parseMemoryDocument
ValueError: Unicode strings with encoding declaration are not supported. Please use bytes input or XML fragments without declaration.
